<?xml version="1.0" encoding="UTF-8"?>
<testsuite name="com.example.pnumweb.PnumwebApplicationTests" tests="1" skipped="0" failures="0" errors="0" timestamp="2021-05-01T05:33:56" hostname="DESKTOP-6C5EMA2" time="0.405">
  <properties/>
  <testcase name="contextLoads()" classname="com.example.pnumweb.PnumwebApplicationTests" time="0.405"/>
  <system-out><![CDATA[14:33:53.681 [Test worker] DEBUG org.springframework.test.context.BootstrapUtils - Instantiating CacheAwareContextLoaderDelegate from class [org.springframework.test.context.cache.DefaultCacheAwareContextLoaderDelegate]
14:33:53.701 [Test worker] DEBUG org.springframework.test.context.BootstrapUtils - Instantiating BootstrapContext using constructor [public org.springframework.test.context.support.DefaultBootstrapContext(java.lang.Class,org.springframework.test.context.CacheAwareContextLoaderDelegate)]
14:33:53.734 [Test worker] DEBUG org.springframework.test.context.BootstrapUtils - Instantiating TestContextBootstrapper for test class [com.example.pnumweb.PnumwebApplicationTests] from class [org.springframework.boot.test.context.SpringBootTestContextBootstrapper]
14:33:53.758 [Test worker] INFO org.springframework.boot.test.context.SpringBootTestContextBootstrapper - Neither @ContextConfiguration nor @ContextHierarchy found for test class [com.example.pnumweb.PnumwebApplicationTests], using SpringBootContextLoader
14:33:53.758 [Test worker] DEBUG org.springframework.test.context.support.AbstractContextLoader - Did not detect default resource location for test class [com.example.pnumweb.PnumwebApplicationTests]: class path resource [com/example/pnumweb/PnumwebApplicationTests-context.xml] does not exist
14:33:53.758 [Test worker] DEBUG org.springframework.test.context.support.AbstractContextLoader - Did not detect default resource location for test class [com.example.pnumweb.PnumwebApplicationTests]: class path resource [com/example/pnumweb/PnumwebApplicationTestsContext.groovy] does not exist
14:33:53.758 [Test worker] INFO org.springframework.test.context.support.AbstractContextLoader - Could not detect default resource locations for test class [com.example.pnumweb.PnumwebApplicationTests]: no resource found for suffixes {-context.xml, Context.groovy}.
14:33:53.766 [Test worker] INFO org.springframework.test.context.support.AnnotationConfigContextLoaderUtils - Could not detect default configuration classes for test class [com.example.pnumweb.PnumwebApplicationTests]: PnumwebApplicationTests does not declare any static, non-private, non-final, nested classes annotated with @Configuration.
14:33:53.820 [Test worker] DEBUG org.springframework.test.context.support.ActiveProfilesUtils - Could not find an 'annotation declaring class' for annotation type [org.springframework.test.context.ActiveProfiles] and class [com.example.pnumweb.PnumwebApplicationTests]
14:33:53.916 [Test worker] DEBUG org.springframework.context.annotation.ClassPathScanningCandidateComponentProvider - Identified candidate component class: file [C:\Users\seokho\Desktop\internship\pnumweb\build\classes\java\main\com\example\pnumweb\PnumwebApplication.class]
14:33:53.932 [Test worker] INFO org.springframework.boot.test.context.SpringBootTestContextBootstrapper - Found @SpringBootConfiguration com.example.pnumweb.PnumwebApplication for test class com.example.pnumweb.PnumwebApplicationTests
14:33:54.060 [Test worker] DEBUG org.springframework.boot.test.context.SpringBootTestContextBootstrapper - @TestExecutionListeners is not present for class [com.example.pnumweb.PnumwebApplicationTests]: using defaults.
14:33:54.060 [Test worker] INFO org.springframework.boot.test.context.SpringBootTestContextBootstrapper - Loaded default TestExecutionListener class names from location [META-INF/spring.factories]: [org.springframework.boot.test.autoconfigure.restdocs.RestDocsTestExecutionListener, org.springframework.boot.test.autoconfigure.web.client.MockRestServiceServerResetTestExecutionListener, org.springframework.boot.test.autoconfigure.web.servlet.MockMvcPrintOnlyOnFailureTestExecutionListener, org.springframework.boot.test.autoconfigure.web.servlet.WebDriverTestExecutionListener, org.springframework.boot.test.autoconfigure.webservices.client.MockWebServiceServerTestExecutionListener, org.springframework.boot.test.mock.mockito.MockitoTestExecutionListener, org.springframework.boot.test.mock.mockito.ResetMocksTestExecutionListener, org.springframework.test.context.web.ServletTestExecutionListener, org.springframework.test.context.support.DirtiesContextBeforeModesTestExecutionListener, org.springframework.test.context.event.ApplicationEventsTestExecutionListener, org.springframework.test.context.support.DependencyInjectionTestExecutionListener, org.springframework.test.context.support.DirtiesContextTestExecutionListener, org.springframework.test.context.transaction.TransactionalTestExecutionListener, org.springframework.test.context.jdbc.SqlScriptsTestExecutionListener, org.springframework.test.context.event.EventPublishingTestExecutionListener]
14:33:54.076 [Test worker] DEBUG org.springframework.boot.test.context.SpringBootTestContextBootstrapper - Skipping candidate TestExecutionListener [org.springframework.test.context.transaction.TransactionalTestExecutionListener] due to a missing dependency. Specify custom listener classes or make the default listener classes and their required dependencies available. Offending class: [org/springframework/transaction/interceptor/TransactionAttributeSource]
14:33:54.076 [Test worker] DEBUG org.springframework.boot.test.context.SpringBootTestContextBootstrapper - Skipping candidate TestExecutionListener [org.springframework.test.context.jdbc.SqlScriptsTestExecutionListener] due to a missing dependency. Specify custom listener classes or make the default listener classes and their required dependencies available. Offending class: [org/springframework/transaction/interceptor/TransactionAttribute]
14:33:54.076 [Test worker] INFO org.springframework.boot.test.context.SpringBootTestContextBootstrapper - Using TestExecutionListeners: [org.springframework.test.context.web.ServletTestExecutionListener@559cc404, org.springframework.test.context.support.DirtiesContextBeforeModesTestExecutionListener@d117d26, org.springframework.test.context.event.ApplicationEventsTestExecutionListener@11481e92, org.springframework.boot.test.mock.mockito.MockitoTestExecutionListener@5ccc36fa, org.springframework.boot.test.autoconfigure.SpringBootDependencyInjectionTestExecutionListener@6f437583, org.springframework.test.context.support.DirtiesContextTestExecutionListener@693ddd00, org.springframework.test.context.event.EventPublishingTestExecutionListener@38d0e23b, org.springframework.boot.test.autoconfigure.restdocs.RestDocsTestExecutionListener@516783d, org.springframework.boot.test.autoconfigure.web.client.MockRestServiceServerResetTestExecutionListener@710dea71, org.springframework.boot.test.autoconfigure.web.servlet.MockMvcPrintOnlyOnFailureTestExecutionListener@765fec8d, org.springframework.boot.test.autoconfigure.web.servlet.WebDriverTestExecutionListener@49210947, org.springframework.boot.test.autoconfigure.webservices.client.MockWebServiceServerTestExecutionListener@7fc047ce, org.springframework.boot.test.mock.mockito.ResetMocksTestExecutionListener@61807425]
14:33:54.084 [Test worker] DEBUG org.springframework.test.context.support.AbstractDirtiesContextTestExecutionListener - Before test class: context [DefaultTestContext@4072e743 testClass = PnumwebApplicationTests, testInstance = [null], testMethod = [null], testException = [null], mergedContextConfiguration = [WebMergedContextConfiguration@48add2bb testClass = PnumwebApplicationTests, locations = '{}', classes = '{class com.example.pnumweb.PnumwebApplication}', contextInitializerClasses = '[]', activeProfiles = '{}', propertySourceLocations = '{}', propertySourceProperties = '{org.springframework.boot.test.context.SpringBootTestContextBootstrapper=true}', contextCustomizers = set[org.springframework.boot.test.autoconfigure.actuate.metrics.MetricsExportContextCustomizerFactory$DisableMetricExportContextCustomizer@3ee28c66, org.springframework.boot.test.autoconfigure.properties.PropertyMappingContextCustomizer@0, org.springframework.boot.test.autoconfigure.web.servlet.WebDriverContextCustomizerFactory$Customizer@5a9367fe, org.springframework.boot.test.context.filter.ExcludeFilterContextCustomizer@294cf3d8, org.springframework.boot.test.json.DuplicateJsonObjectContextCustomizerFactory$DuplicateJsonObjectContextCustomizer@476c05d0, org.springframework.boot.test.mock.mockito.MockitoContextCustomizer@0, org.springframework.boot.test.web.client.TestRestTemplateContextCustomizer@2e55dc8c, org.springframework.boot.test.context.SpringBootTestArgs@1, org.springframework.boot.test.context.SpringBootTestWebEnvironment@40816249], resourceBasePath = 'src/main/webapp', contextLoader = 'org.springframework.boot.test.context.SpringBootContextLoader', parent = [null]], attributes = map['org.springframework.test.context.web.ServletTestExecutionListener.activateListener' -> true]], class annotated with @DirtiesContext [false] with mode [null].
14:33:54.132 [Test worker] DEBUG org.springframework.test.context.support.TestPropertySourceUtils - Adding inlined properties to environment: {spring.jmx.enabled=false, org.springframework.boot.test.context.SpringBootTestContextBootstrapper=true}

  .   ____          _            __ _ _
 /\\ / ___'_ __ _ _(_)_ __  __ _ \ \ \ \
( ( )\___ | '_ | '_| | '_ \/ _` | \ \ \ \
 \\/  ___)| |_)| | | | | || (_| |  ) ) ) )
  '  |____| .__|_| |_|_| |_\__, | / / / /
 =========|_|==============|___/=/_/_/_/
 :: Spring Boot ::                (v2.4.5)

2021-05-01 14:33:54.477  INFO 3532 --- [    Test worker] c.e.pnumweb.PnumwebApplicationTests      : Starting PnumwebApplicationTests using Java 11.0.7 on DESKTOP-6C5EMA2 with PID 3532 (started by seokho in C:\Users\seokho\Desktop\internship\pnumweb)
2021-05-01 14:33:54.477  INFO 3532 --- [    Test worker] c.e.pnumweb.PnumwebApplicationTests      : No active profile set, falling back to default profiles: default
2021-05-01 14:33:55.963  INFO 3532 --- [    Test worker] o.s.s.concurrent.ThreadPoolTaskExecutor  : Initializing ExecutorService 'applicationTaskExecutor'
2021-05-01 14:33:56.091  INFO 3532 --- [    Test worker] o.s.b.a.w.s.WelcomePageHandlerMapping    : Adding welcome page: class path resource [static/index.html]
2021-05-01 14:33:56.421  INFO 3532 --- [    Test worker] c.e.pnumweb.PnumwebApplicationTests      : Started PnumwebApplicationTests in 2.276 seconds (JVM running for 4.068)
]]></system-out>
  <system-err><![CDATA[]]></system-err>
</testsuite>
